Start testing: Apr 12 00:25 +04
----------------------------------------------------------
1/1 Testing: TestPolishPW
1/1 Test: TestPolishPW
Command: "/home/xaliq/CS/L2/S2/DT/pw3_corrige/build/main_test"
Directory: /home/xaliq/CS/L2/S2/DT/pw3_corrige/build
"TestPolishPW" start time: Apr 12 00:25 +04
Output:
----------------------------------------------------------


     CUnit - A unit testing framework for C - Version 2.1-3
     http://cunit.sourceforge.net/



Run Summary:    Type  Total    Ran Passed Failed Inactive
              suites      2      2    n/a      0        0
               tests      7      7      7      0        0
             asserts     35     35     35      0      n/a

Elapsed time =    0.000 seconds
<end of output>
Test time =   0.00 sec
----------------------------------------------------------
Test Passed.
"TestPolishPW" end time: Apr 12 00:25 +04
"TestPolishPW" time elapsed: 00:00:00
----------------------------------------------------------

End testing: Apr 12 00:25 +04
